<?xml version="1.0" encoding="UTF-8"?>
<!-- Generated by org.testng.reporters.JUnitXMLReporter -->
<testsuite ignored="0" hostname="DESKTOP-8H0KD1B" failures="0" tests="3" name="Test" time="0.013" errors="0" timestamp="2022-09-13T21:16:45 MDT">
  <testcase classname="testcases_uat_envirement.Regester_Uat_Env" name="RegesterCodeUatEnv" time="0.002"/>
  <testcase classname="testcases_uat_envirement.Login_Uat_Env" name="LoginCodeUatEnv" time="0.001"/>
  <testcase classname="testcases_uat_envirement.Logout_Uat_Env" name="LogoutCodeUatEnv" time="0.001"/>
</testsuite> <!-- Test -->
