<?xml version="1.0" encoding="UTF-8"?>
<!-- Generated by org.testng.reporters.JUnitXMLReporter -->
<testsuite ignored="0" hostname="DESKTOP-8H0KD1B" failures="0" tests="5" name="Group Test" time="0.113" errors="0" timestamp="2022-09-09T15:31:26 MDT">
  <testcase classname="testng.groups.Groups_Concepts" name="testcase1" time="0.015"/>
  <testcase classname="testng.groups.Groups_Concepts" name="testcase2" time="0.003"/>
  <testcase classname="testng.groups.Groups_Concepts" name="testcase3" time="0.002"/>
  <testcase classname="testng.groups.Groups_Concepts" name="testcase4" time="0.002"/>
  <testcase classname="testng.groups.Groups_Concepts" name="testcase5" time="0.003"/>
</testsuite> <!-- Group Test -->
