<?xml version="1.0" encoding="UTF-8"?>
<!-- Generated by org.testng.reporters.JUnitXMLReporter -->
<testsuite ignored="0" hostname="DESKTOP-8H0KD1B" failures="1" tests="1" name="Test1" time="0.006" errors="0" timestamp="2022-09-12T19:30:50 MDT">
  <testcase classname="parameterization_testng.xml_file.Parameterization1" name="rediffParameterization" time="0.0">
    <failure type="org.testng.TestNGException" message="
Parameter &amp;apos;Browsre&amp;apos; is required by @Test on method rediffParameterization but has not been marked @Optional or defined
in C:\Users\Mahil\eclipse-workspace\Maven_Project\testng_Parameterization.xml">
      <![CDATA[org.testng.TestNGException: 
Parameter 'Browsre' is required by @Test on method rediffParameterization but has not been marked @Optional or defined
in C:\Users\Mahil\eclipse-workspace\Maven_Project\testng_Parameterization.xml
at java.base/java.util.ArrayList.forEach(ArrayList.java:1511)
... Removed 26 stack frames]]>
    </failure>
  </testcase> <!-- rediffParameterization -->
</testsuite> <!-- Test1 -->
