<?xml version="1.0" encoding="UTF-8"?>
<!-- Generated by org.testng.reporters.JUnitXMLReporter -->
<testsuite ignored="0" hostname="DESKTOP-8H0KD1B" failures="0" tests="3" name="Test" time="0.106" errors="0" timestamp="2022-09-13T21:16:45 MDT">
  <testcase classname="testcases_test_envirement.Logout_Test_Env" name="LogoutCodeTestEnv" time="0.014"/>
  <testcase classname="testcases_test_envirement.Login_Test_Env" name="LoginCodeTestEnv" time="0.002"/>
  <testcase classname="testcases_test_envirement.Regester_Test_Env" name="RegesterCodeTestEnv" time="0.002"/>
</testsuite> <!-- Test -->
