<?xml version="1.0" encoding="UTF-8"?>
<!-- Generated by org.testng.reporters.JUnitXMLReporter -->
<testsuite ignored="0" hostname="DESKTOP-8H0KD1B" failures="0" tests="3" name="Test" time="0.019" errors="0" timestamp="2022-09-13T21:16:45 MDT">
  <testcase classname="testcases_prod_envirement.Login_Prod_Env" name="LoginCodeProdEnv" time="0.002"/>
  <testcase classname="testcases_prod_envirement.Regester_Prod_Env" name="RegesterCodeProdEnv" time="0.003"/>
  <testcase classname="testcases_prod_envirement.Logout_Prod_Env" name="LogoutCodeProdEnv" time="0.003"/>
</testsuite> <!-- Test -->
