<?xml version="1.0" encoding="UTF-8"?>
<testng-results ignored="0" total="9" passed="9" failed="0" skipped="0">
  <reporter-output>
  </reporter-output>
  <suite started-at="2022-09-13T21:16:45 MDT" name="Suite" finished-at="2022-09-13T21:16:45 MDT" duration-ms="106">
    <groups>
    </groups>
    <test started-at="2022-09-13T21:16:45 MDT" name="Test" finished-at="2022-09-13T21:16:45 MDT" duration-ms="106">
      <class name="testcases_test_envirement.Regester_Test_Env">
        <test-method signature="RegesterCodeTestEnv()[pri:0, instance:testcases_test_envirement.Regester_Test_Env@1de5f259]" started-at="2022-09-13T21:16:45 MDT" name="RegesterCodeTestEnv" finished-at="2022-09-13T21:16:45 MDT" duration-ms="2" status="PASS">
          <reporter-output>
          </reporter-output>
        </test-method> <!-- RegesterCodeTestEnv -->
      </class> <!-- testcases_test_envirement.Regester_Test_Env -->
      <class name="testcases_test_envirement.Logout_Test_Env">
        <test-method signature="LogoutCodeTestEnv()[pri:0, instance:testcases_test_envirement.Logout_Test_Env@4f2b503c]" started-at="2022-09-13T21:16:45 MDT" name="LogoutCodeTestEnv" finished-at="2022-09-13T21:16:45 MDT" duration-ms="14" status="PASS">
          <reporter-output>
          </reporter-output>
        </test-method> <!-- LogoutCodeTestEnv -->
      </class> <!-- testcases_test_envirement.Logout_Test_Env -->
      <class name="testcases_test_envirement.Login_Test_Env">
        <test-method signature="LoginCodeTestEnv()[pri:0, instance:testcases_test_envirement.Login_Test_Env@3e11f9e9]" started-at="2022-09-13T21:16:45 MDT" name="LoginCodeTestEnv" finished-at="2022-09-13T21:16:45 MDT" duration-ms="2" status="PASS">
          <reporter-output>
          </reporter-output>
        </test-method> <!-- LoginCodeTestEnv -->
      </class> <!-- testcases_test_envirement.Login_Test_Env -->
    </test> <!-- Test -->
  </suite> <!-- Suite -->
  <suite started-at="2022-09-13T21:16:45 MDT" name="Suite (1)" finished-at="2022-09-13T21:16:45 MDT" duration-ms="13">
    <groups>
    </groups>
    <test started-at="2022-09-13T21:16:45 MDT" name="Test" finished-at="2022-09-13T21:16:45 MDT" duration-ms="13">
      <class name="testcases_uat_envirement.Login_Uat_Env">
        <test-method signature="LoginCodeUatEnv()[pri:0, instance:testcases_uat_envirement.Login_Uat_Env@738dc9b]" started-at="2022-09-13T21:16:45 MDT" name="LoginCodeUatEnv" finished-at="2022-09-13T21:16:45 MDT" duration-ms="1" status="PASS">
          <reporter-output>
          </reporter-output>
        </test-method> <!-- LoginCodeUatEnv -->
      </class> <!-- testcases_uat_envirement.Login_Uat_Env -->
      <class name="testcases_uat_envirement.Regester_Uat_Env">
        <test-method signature="RegesterCodeUatEnv()[pri:0, instance:testcases_uat_envirement.Regester_Uat_Env@1a942c18]" started-at="2022-09-13T21:16:45 MDT" name="RegesterCodeUatEnv" finished-at="2022-09-13T21:16:45 MDT" duration-ms="2" status="PASS">
          <reporter-output>
          </reporter-output>
        </test-method> <!-- RegesterCodeUatEnv -->
      </class> <!-- testcases_uat_envirement.Regester_Uat_Env -->
      <class name="testcases_uat_envirement.Logout_Uat_Env">
        <test-method signature="LogoutCodeUatEnv()[pri:0, instance:testcases_uat_envirement.Logout_Uat_Env@3c77d488]" started-at="2022-09-13T21:16:45 MDT" name="LogoutCodeUatEnv" finished-at="2022-09-13T21:16:45 MDT" duration-ms="1" status="PASS">
          <reporter-output>
          </reporter-output>
        </test-method> <!-- LogoutCodeUatEnv -->
      </class> <!-- testcases_uat_envirement.Logout_Uat_Env -->
    </test> <!-- Test -->
  </suite> <!-- Suite (1) -->
  <suite started-at="2022-09-13T21:16:45 MDT" name="Suite (0)" finished-at="2022-09-13T21:16:45 MDT" duration-ms="19">
    <groups>
    </groups>
    <test started-at="2022-09-13T21:16:45 MDT" name="Test" finished-at="2022-09-13T21:16:45 MDT" duration-ms="19">
      <class name="testcases_prod_envirement.Login_Prod_Env">
        <test-method signature="LoginCodeProdEnv()[pri:0, instance:testcases_prod_envirement.Login_Prod_Env@e350b40]" started-at="2022-09-13T21:16:45 MDT" name="LoginCodeProdEnv" finished-at="2022-09-13T21:16:45 MDT" duration-ms="2" status="PASS">
          <reporter-output>
          </reporter-output>
        </test-method> <!-- LoginCodeProdEnv -->
      </class> <!-- testcases_prod_envirement.Login_Prod_Env -->
      <class name="testcases_prod_envirement.Regester_Prod_Env">
        <test-method signature="RegesterCodeProdEnv()[pri:0, instance:testcases_prod_envirement.Regester_Prod_Env@41a0aa7d]" started-at="2022-09-13T21:16:45 MDT" name="RegesterCodeProdEnv" finished-at="2022-09-13T21:16:45 MDT" duration-ms="3" status="PASS">
          <reporter-output>
          </reporter-output>
        </test-method> <!-- RegesterCodeProdEnv -->
      </class> <!-- testcases_prod_envirement.Regester_Prod_Env -->
      <class name="testcases_prod_envirement.Logout_Prod_Env">
        <test-method signature="LogoutCodeProdEnv()[pri:0, instance:testcases_prod_envirement.Logout_Prod_Env@2794eab6]" started-at="2022-09-13T21:16:45 MDT" name="LogoutCodeProdEnv" finished-at="2022-09-13T21:16:45 MDT" duration-ms="3" status="PASS">
          <reporter-output>
          </reporter-output>
        </test-method> <!-- LogoutCodeProdEnv -->
      </class> <!-- testcases_prod_envirement.Logout_Prod_Env -->
    </test> <!-- Test -->
  </suite> <!-- Suite (0) -->
  <suite started-at="2022-09-13T21:16:45 MDT" name="Complete Suite" finished-at="2022-09-13T21:16:45 MDT" duration-ms="0">
    <groups>
    </groups>
  </suite> <!-- Complete Suite -->
</testng-results>
